<?xml version="1.0" encoding="UTF-8"?>
<testng-results skipped="0" failed="0" ignored="0" total="2" passed="2">
  <reporter-output>
  </reporter-output>
  <suite name="Default suite" duration-ms="2300" started-at="2021-07-18T19:03:24 IST" finished-at="2021-07-18T19:03:26 IST">
    <groups>
    </groups>
    <test name="Default test" duration-ms="2300" started-at="2021-07-18T19:03:24 IST" finished-at="2021-07-18T19:03:26 IST">
      <class name="studentApiTest.GetAPITests">
        <test-method status="PASS" signature="baseTest()[pri:0, instance:studentApiTest.GetAPITests@11438d26]" name="baseTest" is-config="true" duration-ms="406" started-at="2021-07-18T19:03:24 IST" finished-at="2021-07-18T19:03:24 IST">
          <reporter-output>
          </reporter-output>
        </test-method> <!-- baseTest -->
        <test-method status="PASS" signature="utilsTest()[pri:0, instance:studentApiTest.GetAPITests@11438d26]" name="utilsTest" duration-ms="15" started-at="2021-07-18T19:03:24 IST" finished-at="2021-07-18T19:03:24 IST">
          <reporter-output>
          </reporter-output>
        </test-method> <!-- utilsTest -->
        <test-method status="PASS" signature="getAPITest()[pri:0, instance:studentApiTest.GetAPITests@11438d26]" name="getAPITest" duration-ms="1847" started-at="2021-07-18T19:03:24 IST" finished-at="2021-07-18T19:03:26 IST">
          <reporter-output>
          </reporter-output>
        </test-method> <!-- getAPITest -->
      </class> <!-- studentApiTest.GetAPITests -->
    </test> <!-- Default test -->
  </suite> <!-- Default suite -->
</testng-results>
