<?xml version="1.0" encoding="UTF-8"?>
<testng-results skipped="0" failed="0" ignored="0" total="1" passed="1">
  <reporter-output>
  </reporter-output>
  <suite name="Default suite" duration-ms="4002" started-at="2021-07-22T08:17:06 IST" finished-at="2021-07-22T08:17:10 IST">
    <groups>
    </groups>
    <test name="Default test" duration-ms="4002" started-at="2021-07-22T08:17:06 IST" finished-at="2021-07-22T08:17:10 IST">
      <class name="baseTest.BDDStyle">
        <test-method status="PASS" signature="GetBookingIds_VerifyStatusCode()[pri:0, instance:baseTest.BDDStyle@59e5ddf]" name="GetBookingIds_VerifyStatusCode" duration-ms="3937" started-at="2021-07-22T08:17:06 IST" finished-at="2021-07-22T08:17:10 IST">
          <reporter-output>
          </reporter-output>
        </test-method> <!-- GetBookingIds_VerifyStatusCode -->
      </class> <!-- baseTest.BDDStyle -->
    </test> <!-- Default test -->
  </suite> <!-- Default suite -->
</testng-results>
