<?xml version="1.0" encoding="UTF-8"?>
<!-- Generated by org.testng.reporters.JUnitXMLReporter -->
<testsuite hostname="DESKTOP-B4HNNLL" ignored="0" name="Default test" tests="2" failures="0" timestamp="2021-07-28T07:49:55 IST" time="0.879" errors="0">
  <testcase name="getAllBookings" time="0.138" classname="baseTest.CommonRequestSpecification"/>
  <testcase name="getBoookingDetailswithInvalidFirstName" time="0.036" classname="baseTest.CommonRequestSpecification"/>
</testsuite> <!-- Default test -->
